<?xml version="1.0" encoding="utf-8"?><testsuites name="pytest tests"><testsuite name="pytest" errors="0" failures="0" skipped="0" tests="18" time="19.884" timestamp="2026-02-04T11:11:46.233224+00:00" hostname="agent-env-ba5b6c7f-2834-41b5-b281-cfc33ee21b66"><testcase classname="backend.tests.test_cover_letter_generator.TestCoverLetterGenerator" name="test_generate_cover_letter_success" time="6.993" /><testcase classname="backend.tests.test_cover_letter_generator.TestCoverLetterGenerator" name="test_generate_cover_letter_missing_resume" time="0.014" /><testcase classname="backend.tests.test_cover_letter_generator.TestCoverLetterGenerator" name="test_generate_cover_letter_missing_application" time="0.050" /><testcase classname="backend.tests.test_cover_letter_generator.TestCoverLetterGenerator" name="test_get_all_cover_letters" time="0.013" /><testcase classname="backend.tests.test_cover_letter_generator.TestCoverLetterGenerator" name="test_get_single_cover_letter" time="0.014" /><testcase classname="backend.tests.test_cover_letter_generator.TestCoverLetterGenerator" name="test_get_nonexistent_cover_letter" time="0.011" /><testcase classname="backend.tests.test_cover_letter_generator.TestCoverLetterGenerator" name="test_update_cover_letter_content" time="0.012" /><testcase classname="backend.tests.test_cover_letter_generator.TestCoverLetterGenerator" name="test_update_cover_letter_title" time="0.011" /><testcase classname="backend.tests.test_cover_letter_generator.TestCoverLetterGenerator" name="test_update_cover_letter_no_data" time="0.008" /><testcase classname="backend.tests.test_cover_letter_generator.TestCoverLetterGenerator" name="test_update_nonexistent_cover_letter" time="0.049" /><testcase classname="backend.tests.test_cover_letter_generator.TestCoverLetterGenerator" name="test_download_cover_letter_pdf" time="0.087" /><testcase classname="backend.tests.test_cover_letter_generator.TestCoverLetterGenerator" name="test_download_nonexistent_pdf" time="0.011" /><testcase classname="backend.tests.test_cover_letter_generator.TestCoverLetterGenerator" name="test_delete_cover_letter" time="5.907" /><testcase classname="backend.tests.test_cover_letter_generator.TestCoverLetterGenerator" name="test_delete_nonexistent_cover_letter" time="0.010" /><testcase classname="backend.tests.test_cover_letter_generator.TestCoverLetterGenerator" name="test_cleanup_test_data" time="0.029" /><testcase classname="backend.tests.test_cover_letter_generator.TestCoverLetterEdgeCases" name="test_generate_without_job_description" time="6.498" /><testcase classname="backend.tests.test_cover_letter_generator.TestCoverLetterEdgeCases" name="test_unauthorized_access" time="0.052" /><testcase classname="backend.tests.test_cover_letter_generator.TestCoverLetterEdgeCases" name="test_invalid_token" time="0.036" /></testsuite></testsuites>