<?xml version="1.0" encoding="utf-8"?><testsuites name="pytest tests"><testsuite name="pytest" errors="0" failures="0" skipped="0" tests="21" time="3.210" timestamp="2026-02-03T15:28:51.376298+00:00" hostname="agent-env-ba5b6c7f-2834-41b5-b281-cfc33ee21b66"><testcase classname="backend.tests.test_calendar_email.TestAuthFlow" name="test_user_registration" time="0.280" /><testcase classname="backend.tests.test_calendar_email.TestAuthFlow" name="test_user_login" time="0.279" /><testcase classname="backend.tests.test_calendar_email.TestCalendarCRUD" name="test_create_calendar_event_basic" time="0.278" /><testcase classname="backend.tests.test_calendar_email.TestCalendarCRUD" name="test_create_event_with_interview_type" time="0.053" /><testcase classname="backend.tests.test_calendar_email.TestCalendarCRUD" name="test_create_event_with_meeting_link" time="0.011" /><testcase classname="backend.tests.test_calendar_email.TestCalendarCRUD" name="test_create_event_with_job_application_link" time="0.066" /><testcase classname="backend.tests.test_calendar_email.TestCalendarCRUD" name="test_create_event_with_reminders_disabled" time="0.054" /><testcase classname="backend.tests.test_calendar_email.TestCalendarCRUD" name="test_get_calendar_events" time="0.011" /><testcase classname="backend.tests.test_calendar_email.TestCalendarCRUD" name="test_update_calendar_event" time="0.061" /><testcase classname="backend.tests.test_calendar_email.TestCalendarCRUD" name="test_delete_calendar_event" time="0.079" /><testcase classname="backend.tests.test_calendar_email.TestEmailNotificationSystem" name="test_send_test_reminder_endpoint" time="0.784" /><testcase classname="backend.tests.test_calendar_email.TestEmailNotificationSystem" name="test_notification_logs_endpoint" time="0.008" /><testcase classname="backend.tests.test_calendar_email.TestInterviewPrepFlow" name="test_get_interview_prep_history" time="0.264" /><testcase classname="backend.tests.test_reminder_toggle_bug.TestReminderToggleBugFix" name="test_scenario_1_create_event_with_reminders_enabled" time="0.270" /><testcase classname="backend.tests.test_reminder_toggle_bug.TestReminderToggleBugFix" name="test_scenario_2_disable_reminders_sets_flags_to_true" time="0.019" /><testcase classname="backend.tests.test_reminder_toggle_bug.TestReminderToggleBugFix" name="test_scenario_3_reenable_reminders_with_date_change_resets_flags" time="0.070" /><testcase classname="backend.tests.test_reminder_toggle_bug.TestReminderToggleBugFix" name="test_scenario_4_frontend_boolean_handling" time="0.075" /><testcase classname="backend.tests.test_reminder_toggle_bug.TestReminderToggleBugFix" name="test_scenario_5_verify_database_query_uses_explicit_true" time="0.028" /><testcase classname="backend.tests.test_reminder_toggle_bug.TestEdgeCases" name="test_toggle_reminders_multiple_times" time="0.350" /><testcase classname="backend.tests.test_reminder_toggle_bug.TestEdgeCases" name="test_non_interview_event_types" time="0.007" /><testcase classname="backend.tests.test_reminder_toggle_bug.TestEdgeCases" name="test_update_other_fields_doesnt_affect_reminders" time="0.100" /></testsuite></testsuites>