<?xml version="1.0" encoding="utf-8"?><testsuites name="pytest tests"><testsuite name="pytest" errors="0" failures="2" skipped="0" tests="13" time="1.658" timestamp="2026-02-03T11:58:25.983964+00:00" hostname="agent-env-ba5b6c7f-2834-41b5-b281-cfc33ee21b66"><testcase classname="backend.tests.test_calendar_email.TestAuthFlow" name="test_user_registration" time="0.305" /><testcase classname="backend.tests.test_calendar_email.TestAuthFlow" name="test_user_login" time="0.233" /><testcase classname="backend.tests.test_calendar_email.TestCalendarCRUD" name="test_create_calendar_event_basic" time="0.276" /><testcase classname="backend.tests.test_calendar_email.TestCalendarCRUD" name="test_create_event_with_interview_type" time="0.012" /><testcase classname="backend.tests.test_calendar_email.TestCalendarCRUD" name="test_create_event_with_meeting_link" time="0.049" /><testcase classname="backend.tests.test_calendar_email.TestCalendarCRUD" name="test_create_event_with_job_application_link" time="0.027" /><testcase classname="backend.tests.test_calendar_email.TestCalendarCRUD" name="test_create_event_with_reminders_disabled" time="0.012" /><testcase classname="backend.tests.test_calendar_email.TestCalendarCRUD" name="test_get_calendar_events" time="0.014" /><testcase classname="backend.tests.test_calendar_email.TestCalendarCRUD" name="test_update_calendar_event" time="0.019" /><testcase classname="backend.tests.test_calendar_email.TestCalendarCRUD" name="test_delete_calendar_event" time="0.027"><failure message="AssertionError: Event should not exist after deletion&#10;assert 405 == 404&#10; +  where 405 = &lt;Response [405]&gt;.status_code">backend/tests/test_calendar_email.py:289: in test_delete_calendar_event
    assert get_response.status_code == 404, "Event should not exist after deletion"
E   AssertionError: Event should not exist after deletion
E   assert 405 == 404
E    +  where 405 = &lt;Response [405]&gt;.status_code</failure></testcase><testcase classname="backend.tests.test_calendar_email.TestEmailNotificationSystem" name="test_send_test_reminder_endpoint" time="0.272"><failure message="AssertionError: Send test reminder failed: {&quot;detail&quot;:&quot;Not Found&quot;}&#10;assert 404 == 200&#10; +  where 404 = &lt;Response [404]&gt;.status_code">backend/tests/test_calendar_email.py:337: in test_send_test_reminder_endpoint
    assert reminder_response.status_code == 200, f"Send test reminder failed: {reminder_response.text}"
E   AssertionError: Send test reminder failed: {"detail":"Not Found"}
E   assert 404 == 200
E    +  where 404 = &lt;Response [404]&gt;.status_code</failure></testcase><testcase classname="backend.tests.test_calendar_email.TestEmailNotificationSystem" name="test_notification_logs_endpoint" time="0.008" /><testcase classname="backend.tests.test_calendar_email.TestInterviewPrepFlow" name="test_get_interview_prep_history" time="0.307" /></testsuite></testsuites>