<?xml version="1.0" encoding="utf-8"?><testsuites name="pytest tests"><testsuite name="pytest" errors="0" failures="0" skipped="0" tests="17" time="48.068" timestamp="2026-02-03T15:58:32.821654+00:00" hostname="agent-env-ba5b6c7f-2834-41b5-b281-cfc33ee21b66"><testcase classname="backend.tests.test_scheduler_reminders.TestSchedulerEndpoints" name="test_scheduler_status_endpoint_returns_200" time="0.346" /><testcase classname="backend.tests.test_scheduler_reminders.TestSchedulerEndpoints" name="test_scheduler_status_contains_required_fields" time="0.283" /><testcase classname="backend.tests.test_scheduler_reminders.TestSchedulerEndpoints" name="test_scheduler_is_running" time="0.316" /><testcase classname="backend.tests.test_scheduler_reminders.TestSchedulerEndpoints" name="test_scheduler_interval_is_5_minutes" time="0.358" /><testcase classname="backend.tests.test_scheduler_reminders.TestSchedulerEndpoints" name="test_manual_trigger_endpoint_returns_200" time="5.967" /><testcase classname="backend.tests.test_scheduler_reminders.TestSchedulerEndpoints" name="test_manual_trigger_returns_check_time" time="36.956" /><testcase classname="backend.tests.test_scheduler_reminders.TestTimeWindowCalculations" name="test_event_24hr_away_is_eligible" time="0.410" /><testcase classname="backend.tests.test_scheduler_reminders.TestTimeWindowCalculations" name="test_event_1hr_away_is_eligible" time="0.535" /><testcase classname="backend.tests.test_scheduler_reminders.TestTimeWindowCalculations" name="test_event_far_away_not_eligible" time="0.320" /><testcase classname="backend.tests.test_scheduler_reminders.TestParseDatetimeFormats" name="test_iso_format_with_z_suffix" time="0.337" /><testcase classname="backend.tests.test_scheduler_reminders.TestParseDatetimeFormats" name="test_iso_format_with_timezone_offset" time="0.273" /><testcase classname="backend.tests.test_scheduler_reminders.TestParseDatetimeFormats" name="test_iso_format_without_timezone" time="0.382" /><testcase classname="backend.tests.test_scheduler_reminders.TestDebugLogging" name="test_scheduler_status_shows_server_time" time="0.306" /><testcase classname="backend.tests.test_scheduler_reminders.TestDebugLogging" name="test_scheduler_status_shows_time_windows" time="0.329" /><testcase classname="backend.tests.test_scheduler_reminders.TestDebugLogging" name="test_scheduler_status_shows_event_eligibility" time="0.324" /><testcase classname="backend.tests.test_scheduler_reminders.TestSchedulerAutoStart" name="test_scheduler_running_after_startup" time="0.282" /><testcase classname="backend.tests.test_scheduler_reminders.TestSchedulerAutoStart" name="test_scheduler_has_correct_interval" time="0.262" /></testsuite></testsuites>