<?xml version="1.0" encoding="utf-8"?><testsuites name="pytest tests"><testsuite name="pytest" errors="0" failures="4" skipped="0" tests="17" time="16.473" timestamp="2026-02-03T15:57:24.289948+00:00" hostname="agent-env-ba5b6c7f-2834-41b5-b281-cfc33ee21b66"><testcase classname="backend.tests.test_scheduler_reminders.TestSchedulerEndpoints" name="test_scheduler_status_endpoint_returns_200" time="0.314" /><testcase classname="backend.tests.test_scheduler_reminders.TestSchedulerEndpoints" name="test_scheduler_status_contains_required_fields" time="0.316"><failure message="AssertionError: Missing server_time field&#10;assert 'server_time' in {'scheduler_interval': '5 minutes', 'scheduler_running': True, 'server_time_utc': '2026-02-03T15:57:24.949318+00:00', 'upcoming_events': []}">backend/tests/test_scheduler_reminders.py:70: in test_scheduler_status_contains_required_fields
    assert "server_time" in data, "Missing server_time field"
E   AssertionError: Missing server_time field
E   assert 'server_time' in {'scheduler_interval': '5 minutes', 'scheduler_running': True, 'server_time_utc': '2026-02-03T15:57:24.949318+00:00', 'upcoming_events': []}</failure></testcase><testcase classname="backend.tests.test_scheduler_reminders.TestSchedulerEndpoints" name="test_scheduler_is_running" time="0.274" /><testcase classname="backend.tests.test_scheduler_reminders.TestSchedulerEndpoints" name="test_scheduler_interval_is_5_minutes" time="0.324" /><testcase classname="backend.tests.test_scheduler_reminders.TestSchedulerEndpoints" name="test_manual_trigger_endpoint_returns_200" time="5.730" /><testcase classname="backend.tests.test_scheduler_reminders.TestSchedulerEndpoints" name="test_manual_trigger_returns_check_time" time="6.114" /><testcase classname="backend.tests.test_scheduler_reminders.TestTimeWindowCalculations" name="test_event_24hr_away_is_eligible" time="0.354" /><testcase classname="backend.tests.test_scheduler_reminders.TestTimeWindowCalculations" name="test_event_1hr_away_is_eligible" time="0.303" /><testcase classname="backend.tests.test_scheduler_reminders.TestTimeWindowCalculations" name="test_event_far_away_not_eligible" time="0.289" /><testcase classname="backend.tests.test_scheduler_reminders.TestParseDatetimeFormats" name="test_iso_format_with_z_suffix" time="0.310"><failure message="assert 405 == 200&#10; +  where 405 = &lt;Response [405]&gt;.status_code">backend/tests/test_scheduler_reminders.py:336: in test_iso_format_with_z_suffix
    assert get_response.status_code == 200
E   assert 405 == 200
E    +  where 405 = &lt;Response [405]&gt;.status_code</failure></testcase><testcase classname="backend.tests.test_scheduler_reminders.TestParseDatetimeFormats" name="test_iso_format_with_timezone_offset" time="0.274" /><testcase classname="backend.tests.test_scheduler_reminders.TestParseDatetimeFormats" name="test_iso_format_without_timezone" time="0.276" /><testcase classname="backend.tests.test_scheduler_reminders.TestDebugLogging" name="test_scheduler_status_shows_server_time" time="0.305"><failure message="AssertionError: server_time should not be None&#10;assert None is not None">backend/tests/test_scheduler_reminders.py:424: in test_scheduler_status_shows_server_time
    assert server_time is not None, "server_time should not be None"
E   AssertionError: server_time should not be None
E   assert None is not None</failure></testcase><testcase classname="backend.tests.test_scheduler_reminders.TestDebugLogging" name="test_scheduler_status_shows_time_windows" time="0.262"><failure message="AssertionError: Missing time_windows in response&#10;assert 'time_windows' in {'scheduler_interval': '5 minutes', 'scheduler_running': True, 'server_time_utc': '2026-02-03T15:57:39.845234+00:00', 'upcoming_events': []}">backend/tests/test_scheduler_reminders.py:441: in test_scheduler_status_shows_time_windows
    assert "time_windows" in data, "Missing time_windows in response"
E   AssertionError: Missing time_windows in response
E   assert 'time_windows' in {'scheduler_interval': '5 minutes', 'scheduler_running': True, 'server_time_utc': '2026-02-03T15:57:39.845234+00:00', 'upcoming_events': []}</failure></testcase><testcase classname="backend.tests.test_scheduler_reminders.TestDebugLogging" name="test_scheduler_status_shows_event_eligibility" time="0.329" /><testcase classname="backend.tests.test_scheduler_reminders.TestSchedulerAutoStart" name="test_scheduler_running_after_startup" time="0.312" /><testcase classname="backend.tests.test_scheduler_reminders.TestSchedulerAutoStart" name="test_scheduler_has_correct_interval" time="0.267" /></testsuite></testsuites>